c:\users\michael\coding\c++\customneuralnetwork\build\customneuralnetwork.dir\debug\utils.obj
c:\users\michael\coding\c++\customneuralnetwork\build\customneuralnetwork.dir\debug\neuralnet.obj
c:\users\michael\coding\c++\customneuralnetwork\build\customneuralnetwork.dir\debug\main.obj
customneuralnetwork.dir\debug\matrixops.obj
c:\users\michael\coding\c++\customneuralnetwork\build\cmakefiles\generate.stamp
c:\users\michael\coding\c++\customneuralnetwork\build\debug\customneuralnetwork.exe
c:\users\michael\coding\c++\customneuralnetwork\build\debug\customneuralnetwork.pdb
c:\users\michael\coding\c++\customneuralnetwork\build\debug\customneuralnetwork.lib
c:\users\michael\coding\c++\customneuralnetwork\build\debug\customneuralnetwork.exp
c:\users\michael\coding\c++\customneuralnetwork\build\customneuralnetwork.dir\debug\customneuralnetwork.ilk
c:\users\michael\coding\c++\customneuralnetwork\build\customneuralnetwork.dir\debug\matrixops.cu.cache
c:\users\michael\coding\c++\customneuralnetwork\build\customneuralnetwork.dir\debug\matrixops.obj
c:\users\michael\coding\c++\customneuralnetwork\build\customneuralnetwork.dir\debug\vc143.pdb
c:\users\michael\coding\c++\customneuralnetwork\build\customneuralnetwork.dir\debug\customne.2ef5b305.tlog\cl.command.1.tlog
c:\users\michael\coding\c++\customneuralnetwork\build\customneuralnetwork.dir\debug\customne.2ef5b305.tlog\cl.items.tlog
c:\users\michael\coding\c++\customneuralnetwork\build\customneuralnetwork.dir\debug\customne.2ef5b305.tlog\cl.read.1.tlog
c:\users\michael\coding\c++\customneuralnetwork\build\customneuralnetwork.dir\debug\customne.2ef5b305.tlog\cl.write.1.tlog
c:\users\michael\coding\c++\customneuralnetwork\build\customneuralnetwork.dir\debug\customne.2ef5b305.tlog\cudacompile.read.1u.tlog
c:\users\michael\coding\c++\customneuralnetwork\build\customneuralnetwork.dir\debug\customne.2ef5b305.tlog\cudacompile.write.1u.tlog
c:\users\michael\coding\c++\customneuralnetwork\build\customneuralnetwork.dir\debug\customne.2ef5b305.tlog\custombuild.command.1.tlog
c:\users\michael\coding\c++\customneuralnetwork\build\customneuralnetwork.dir\debug\customne.2ef5b305.tlog\custombuild.read.1.tlog
c:\users\michael\coding\c++\customneuralnetwork\build\customneuralnetwork.dir\debug\customne.2ef5b305.tlog\custombuild.write.1.tlog
c:\users\michael\coding\c++\customneuralnetwork\build\customneuralnetwork.dir\debug\customne.2ef5b305.tlog\link.command.1.tlog
c:\users\michael\coding\c++\customneuralnetwork\build\customneuralnetwork.dir\debug\customne.2ef5b305.tlog\link.read.1.tlog
c:\users\michael\coding\c++\customneuralnetwork\build\customneuralnetwork.dir\debug\customne.2ef5b305.tlog\link.secondary.1.tlog
c:\users\michael\coding\c++\customneuralnetwork\build\customneuralnetwork.dir\debug\customne.2ef5b305.tlog\link.write.1.tlog
